Using pre-set license
Built from '2022.3/staging' branch; Version is '2022.3.28f1 (6bae5ce6b222) revision 7056988'; Using compiler version '192829333'; Build Type 'Release'
OS: 'Windows 11  (10.0.26200) 64bit Education' Language: 'ko' Physical Memory: 65276 MB
BatchMode: 1, IsHumanControllingUs: 0, StartBugReporterOnCrash: 0, Is64bit: 1, IsPro: 1

COMMAND LINE ARGUMENTS:
C:\Program Files\Unity\Hub\Editor\2022.3.28f1\Editor\Unity.exe
-adb2
-batchMode
-noUpm
-name
AssetImportWorker0
-projectPath
C:/Users/admin/Desktop/ęłĽě śěš©
-logFile
Logs/AssetImportWorker0.log
-srvPort
61739
Successfully changed project path to: C:/Users/admin/Desktop/ęłĽě śěš©
C:/Users/admin/Desktop/ęłĽě śěš©
[UnityMemory] Configuration Parameters - Can be set up in boot.config
    "memorysetup-bucket-allocator-granularity=16"
    "memorysetup-bucket-allocator-bucket-count=8"
    "memorysetup-bucket-allocator-block-size=33554432"
    "memorysetup-bucket-allocator-block-count=8"
    "memorysetup-main-allocator-block-size=16777216"
    "memorysetup-thread-allocator-block-size=16777216"
    "memorysetup-gfx-main-allocator-block-size=16777216"
    "memorysetup-gfx-thread-allocator-block-size=16777216"
    "memorysetup-cache-allocator-block-size=4194304"
    "memorysetup-typetree-allocator-block-size=2097152"
    "memorysetup-profiler-bucket-allocator-granularity=16"
    "memorysetup-profiler-bucket-allocator-bucket-count=8"
    "memorysetup-profiler-bucket-allocator-block-size=33554432"
    "memorysetup-profiler-bucket-allocator-block-count=8"
    "memorysetup-profiler-allocator-block-size=16777216"
    "memorysetup-profiler-editor-allocator-block-size=1048576"
    "memorysetup-temp-allocator-size-main=16777216"
    "memorysetup-job-temp-allocator-block-size=2097152"
    "memorysetup-job-temp-allocator-block-size-background=1048576"
    "memorysetup-job-temp-allocator-reduction-small-platforms=262144"
    "memorysetup-allocator-temp-initial-block-size-main=262144"
    "memorysetup-allocator-temp-initial-block-size-worker=262144"
    "memorysetup-temp-allocator-size-background-worker=32768"
    "memorysetup-temp-allocator-size-job-worker=262144"
    "memorysetup-temp-allocator-size-preload-manager=33554432"
    "memorysetup-temp-allocator-size-nav-mesh-worker=65536"
    "memorysetup-temp-allocator-size-audio-worker=65536"
    "memorysetup-temp-allocator-size-cloud-worker=32768"
    "memorysetup-temp-allocator-size-gi-baking-worker=262144"
    "memorysetup-temp-allocator-size-gfx=262144"
Player connection [31476] Host "[IP] 192.168.50.180 [Port] 0 [Flags] 2 [Guid] 2238466541 [EditorId] 2238466541 [Version] 1048832 [Id] WindowsEditor(7,DESKTOP-HJIAOG6) [Debug] 1 [PackageName] WindowsEditor [ProjectName] Editor" joined multi-casting on [225.0.0.222:54997]...

Player connection [31476] Host "[IP] 192.168.50.180 [Port] 0 [Flags] 2 [Guid] 2238466541 [EditorId] 2238466541 [Version] 1048832 [Id] WindowsEditor(7,DESKTOP-HJIAOG6) [Debug] 1 [PackageName] WindowsEditor [ProjectName] Editor" joined alternative multi-casting on [225.0.0.222:34997]...

[Physics::Module] Initialized MultithreadedJobDispatcher with 23 workers.
Refreshing native plugins compatible for Editor in 19.52 ms, found 4 plugins.
Preloading 0 native plugins for Editor in 0.00 ms.
Initialize engine version: 2022.3.28f1 (6bae5ce6b222)
[Subsystems] Discovering subsystems at path C:/Program Files/Unity/Hub/Editor/2022.3.28f1/Editor/Data/Resources/UnitySubsystems
[Subsystems] Discovering subsystems at path C:/Users/admin/Desktop/ęłĽě śěš©/Assets
GfxDevice: creating device client; threaded=0; jobified=0
Direct3D:
    Version:  Direct3D 11.0 [level 11.1]
    Renderer: NVIDIA GeForce RTX 4070 (ID=0x2786)
    Vendor:   NVIDIA
    VRAM:     12010 MB
    Driver:   32.0.15.9186
Initialize mono
Mono path[0] = 'C:/Program Files/Unity/Hub/Editor/2022.3.28f1/Editor/Data/Managed'
Mono path[1] = 'C:/Program Files/Unity/Hub/Editor/2022.3.28f1/Editor/Data/MonoBleedingEdge/lib/mono/unityjit-win32'
Mono config path = 'C:/Program Files/Unity/Hub/Editor/2022.3.28f1/Editor/Data/MonoBleedingEdge/etc'
Using monoOptions --debugger-agent=transport=dt_socket,embedding=1,server=y,suspend=n,address=127.0.0.1:56736
Begin MonoManager ReloadAssembly
Registering precompiled unity dll's ...
Register platform support module: C:/Program Files/Unity/Hub/Editor/2022.3.28f1/Editor/Data/PlaybackEngines/WindowsStandaloneSupport/UnityEditor.WindowsStandalone.Extensions.dll
Registered in 0.018030 seconds.
- Loaded All Assemblies, in  0.458 seconds
Native extension for WindowsStandalone target not found
Mono: successfully reloaded assembly
- Finished resetting the current domain, in  0.173 seconds
Domain Reload Profiling: 624ms
	BeginReloadAssembly (260ms)
		ExecutionOrderSort (0ms)
		DisableScriptedObjects (0ms)
		BackupInstance (0ms)
		ReleaseScriptingObjects (0ms)
		CreateAndSetChildDomain (0ms)
	RebuildCommonClasses (23ms)
	RebuildNativeTypeToScriptingClass (6ms)
	initialDomainReloadingComplete (76ms)
	LoadAllAssembliesAndSetupDomain (86ms)
		LoadAssemblies (233ms)
		RebuildTransferFunctionScriptingTraits (0ms)
		AnalyzeDomain (85ms)
			TypeCache.Refresh (83ms)
				TypeCache.ScanAssembly (74ms)
			ScanForSourceGeneratedMonoScriptInfo (0ms)
			ResolveRequiredComponents (0ms)
	FinalizeReload (173ms)
		ReleaseScriptCaches (0ms)
		RebuildScriptCaches (0ms)
		SetupLoadedEditorAssemblies (138ms)
			LogAssemblyErrors (0ms)
			InitializePlatformSupportModulesInManaged (9ms)
			SetLoadedEditorAssemblies (5ms)
			RefreshPlugins (0ms)
			BeforeProcessingInitializeOnLoad (1ms)
			ProcessInitializeOnLoadAttributes (89ms)
			ProcessInitializeOnLoadMethodAttributes (33ms)
			AfterProcessingInitializeOnLoad (0ms)
			EditorAssembliesLoaded (0ms)
		ExecutionOrderSort2 (0ms)
		AwakeInstancesAfterBackupRestoration (0ms)
========================================================================
Worker process is ready to serve import requests
Begin MonoManager ReloadAssembly
- Loaded All Assemblies, in  0.566 seconds
Refreshing native plugins compatible for Editor in 6.32 ms, found 4 plugins.
Native extension for WindowsStandalone target not found
Mono: successfully reloaded assembly
- Finished resetting the current domain, in  0.366 seconds
Domain Reload Profiling: 927ms
	BeginReloadAssembly (182ms)
		ExecutionOrderSort (0ms)
		DisableScriptedObjects (3ms)
		BackupInstance (0ms)
		ReleaseScriptingObjects (0ms)
		CreateAndSetChildDomain (12ms)
	RebuildCommonClasses (21ms)
	RebuildNativeTypeToScriptingClass (6ms)
	initialDomainReloadingComplete (36ms)
	LoadAllAssembliesAndSetupDomain (314ms)
		LoadAssemblies (326ms)
		RebuildTransferFunctionScriptingTraits (0ms)
		AnalyzeDomain (117ms)
			TypeCache.Refresh (102ms)
				TypeCache.ScanAssembly (93ms)
			ScanForSourceGeneratedMonoScriptInfo (9ms)
			ResolveRequiredComponents (4ms)
	FinalizeReload (367ms)
		ReleaseScriptCaches (0ms)
		RebuildScriptCaches (0ms)
		SetupLoadedEditorAssemblies (276ms)
			LogAssemblyErrors (0ms)
			InitializePlatformSupportModulesInManaged (6ms)
			SetLoadedEditorAssemblies (3ms)
			RefreshPlugins (0ms)
			BeforeProcessingInitializeOnLoad (47ms)
			ProcessInitializeOnLoadAttributes (193ms)
			ProcessInitializeOnLoadMethodAttributes (16ms)
			AfterProcessingInitializeOnLoad (11ms)
			EditorAssembliesLoaded (0ms)
		ExecutionOrderSort2 (0ms)
		AwakeInstancesAfterBackupRestoration (6ms)
Launched and connected shader compiler UnityShaderCompiler.exe after 0.03 seconds
Refreshing native plugins compatible for Editor in 7.02 ms, found 4 plugins.
Preloading 0 native plugins for Editor in 0.00 ms.
Unloading 3593 Unused Serialized files (Serialized files now loaded: 0)
Unloading 44 unused Assets / (62.4 KB). Loaded Objects now: 4047.
Memory consumption went from 134.7 MB to 134.6 MB.
Total: 1.780300 ms (FindLiveObjects: 0.138800 ms CreateObjectMapping: 0.043100 ms MarkObjects: 1.524500 ms  DeleteObjects: 0.073400 ms)

AssetImportParameters requested are different than current active one (requested -> active):
  custom:container-demuxer-ogg: 62fdf1f143b41e24485cea50d1cbac27 -> 
  custom:video-codec-MediaFoundation-h265: 746d11721c4dcdbdad8f713fa42b33f4 -> 
  custom:video-decoder-ogg-theora: a1e56fd34408186e4bbccfd4996cb3dc -> 
  custom:framework-win-MediaFoundation: 216162199b28c13a410421893ffa2e32 -> 
  custom:CustomObjectIndexerAttribute: 9a22284fe3817be447336de3de66b15e -> 
  custom:container-demuxer-webm: 4f35f7cbe854078d1ac9338744f61a02 -> 
  custom:container-muxer-webm: aa71ff27fc2769a1b78a27578f13a17b -> 
  custom:video-decoder-webm-vp8: 9c59270c3fd7afecdb556c50c9e8de78 -> 
  custom:SearchIndexIgnoredProperties: e643bd26f0fe6173181afceb89e7c659 -> 
  custom:AudioImporter_EditorPlatform: d09bf68614088b80899f8185d706f6e7 -> 
  custom:video-encoder-webm-vp8: eb34c28f22e8b96e1ab97ce403110664 -> 
  custom:audio-decoder-ogg-vorbis: bf7c407c2cedff20999df2af8eb42d56 -> 
  custom:audio-encoder-webm-vorbis: bf7c407c2cedff20999df2af8eb42d56 -> 
========================================================================
Received Import Request.
  Time since last request: 114385.222630 seconds.
  path: Assets/TextMesh Pro/Examples & Extras/Fonts/Oswald-Bold.ttf
  artifactKey: Guid(c9f6d0e7bc8541498c9a4799ba184ede) Importer(2089858483,0ecaa5967403d082aa24f35e1b516d23)
Start importing Assets/TextMesh Pro/Examples & Extras/Fonts/Oswald-Bold.ttf using Guid(c9f6d0e7bc8541498c9a4799ba184ede) Importer(2089858483,0ecaa5967403d082aa24f35e1b516d23)  -> (artifact id: '87ceb4e2e113dca1b338e3265dde659f') in 0.074663 seconds
Number of updated asset objects reloaded before import = 0
Number of asset objects unloaded after import = 3
========================================================================
Received Import Request.
  Time since last request: 0.000022 seconds.
  path: Assets/Space Shooter Template FREE/Scripts/PoolingController.cs
  artifactKey: Guid(d910b9ab46730bf429beca31b7d627d0) Importer(2089858483,0ecaa5967403d082aa24f35e1b516d23)
Start importing Assets/Space Shooter Template FREE/Scripts/PoolingController.cs using Guid(d910b9ab46730bf429beca31b7d627d0) Importer(2089858483,0ecaa5967403d082aa24f35e1b516d23)  -> (artifact id: 'cc1484888e1d5d87a4139bc7c24d4151') in 0.012508 seconds
Number of updated asset objects reloaded before import = 0
Number of asset objects unloaded after import = 1
========================================================================
Received Import Request.
  Time since last request: 0.000013 seconds.
  path: Assets/Space Shooter Template FREE/Sprites/Background/Stars-Big_1_1.png
  artifactKey: Guid(7a583abac50037a4d8ec44a3f8e906c1) Importer(2089858483,0ecaa5967403d082aa24f35e1b516d23)
Start importing Assets/Space Shooter Template FREE/Sprites/Background/Stars-Big_1_1.png using Guid(7a583abac50037a4d8ec44a3f8e906c1) Importer(2089858483,0ecaa5967403d082aa24f35e1b516d23)  -> (artifact id: '2041c11e3043af214c82df499b324306') in 0.047476 seconds
Number of updated asset objects reloaded before import = 0
Number of asset objects unloaded after import = 3
========================================================================
Received Import Request.
  Time since last request: 0.000012 seconds.
  path: Assets/Space Shooter Template FREE/Scripts/Bonus.cs
  artifactKey: Guid(97cbb94a2e3a8f04184c0658c07a9da5) Importer(2089858483,0ecaa5967403d082aa24f35e1b516d23)
Start importing Assets/Space Shooter Template FREE/Scripts/Bonus.cs using Guid(97cbb94a2e3a8f04184c0658c07a9da5) Importer(2089858483,0ecaa5967403d082aa24f35e1b516d23)  -> (artifact id: '9cf36763af83743bfa5e7c282d76e73f') in 0.011414 seconds
Number of updated asset objects reloaded before import = 0
Number of asset objects unloaded after import = 1
========================================================================
Received Import Request.
  Time since last request: 0.000016 seconds.
  path: Assets/TextMesh Pro/Examples & Extras/Materials/Small Crate_diffuse.mat
  artifactKey: Guid(22262639920f43d6be32430e4e58350d) Importer(2089858483,0ecaa5967403d082aa24f35e1b516d23)
Start importing Assets/TextMesh Pro/Examples & Extras/Materials/Small Crate_diffuse.mat using Guid(22262639920f43d6be32430e4e58350d) Importer(2089858483,0ecaa5967403d082aa24f35e1b516d23)  -> (artifact id: '4331acf9f3de8a9d34583e07d2b93c20') in 0.065873 seconds
Number of updated asset objects reloaded before import = 0
Number of asset objects unloaded after import = 3
========================================================================
Received Import Request.
  Time since last request: 0.000012 seconds.
  path: Assets/Space Shooter Template FREE/Sprites/Power Ups/Power Up.png
  artifactKey: Guid(fde575ea5128bc747b1fb00e6f385559) Importer(2089858483,0ecaa5967403d082aa24f35e1b516d23)
Start importing Assets/Space Shooter Template FREE/Sprites/Power Ups/Power Up.png using Guid(fde575ea5128bc747b1fb00e6f385559) Importer(2089858483,0ecaa5967403d082aa24f35e1b516d23)  -> (artifact id: 'df5b0dc5d77ce16a8ed23abfd7ee1de6') in 0.016236 seconds
Number of updated asset objects reloaded before import = 0
Number of asset objects unloaded after import = 3
========================================================================
Received Import Request.
  Time since last request: 0.000012 seconds.
  path: Assets/TextMesh Pro/Examples & Extras/Scenes/13 - Soft Hyphenation.unity
  artifactKey: Guid(875684baf40f4d008ce806d03e2a81b2) Importer(2089858483,0ecaa5967403d082aa24f35e1b516d23)
Start importing Assets/TextMesh Pro/Examples & Extras/Scenes/13 - Soft Hyphenation.unity using Guid(875684baf40f4d008ce806d03e2a81b2) Importer(2089858483,0ecaa5967403d082aa24f35e1b516d23)  -> (artifact id: '5a67dec885f9d70173ccd9634bf7eb22') in 0.009305 seconds
Number of updated asset objects reloaded before import = 0
Number of asset objects unloaded after import = 1
========================================================================
Received Import Request.
  Time since last request: 0.000010 seconds.
  path: Assets/Space Shooter Template FREE/Scripts/VisualEffect.cs
  artifactKey: Guid(2a8515ff1b32ecb498437becf714b57d) Importer(2089858483,0ecaa5967403d082aa24f35e1b516d23)
Start importing Assets/Space Shooter Template FREE/Scripts/VisualEffect.cs using Guid(2a8515ff1b32ecb498437becf714b57d) Importer(2089858483,0ecaa5967403d082aa24f35e1b516d23)  -> (artifact id: '119f90455150060349ae454f529be814') in 0.009288 seconds
Number of updated asset objects reloaded before import = 0
Number of asset objects unloaded after import = 1
========================================================================
Received Import Request.
  Time since last request: 0.000015 seconds.
  path: Assets/TextMesh Pro/Examples & Extras/Scenes/03 - Line Justification.unity
  artifactKey: Guid(21a509e1d3cd49978623fa564adb6f02) Importer(2089858483,0ecaa5967403d082aa24f35e1b516d23)
Start importing Assets/TextMesh Pro/Examples & Extras/Scenes/03 - Line Justification.unity using Guid(21a509e1d3cd49978623fa564adb6f02) Importer(2089858483,0ecaa5967403d082aa24f35e1b516d23)  -> (artifact id: 'afd3e14c655f623c4b1f404bb19bf577') in 0.008332 seconds
Number of updated asset objects reloaded before import = 0
Number of asset objects unloaded after import = 1
========================================================================
Received Import Request.
  Time since last request: 0.000024 seconds.
  path: Assets/Scenes/SampleScene.unity
  artifactKey: Guid(9fc0d4010bbf28b4594072e72b8655ab) Importer(2089858483,0ecaa5967403d082aa24f35e1b516d23)
Start importing Assets/Scenes/SampleScene.unity using Guid(9fc0d4010bbf28b4594072e72b8655ab) Importer(2089858483,0ecaa5967403d082aa24f35e1b516d23)  -> (artifact id: 'b61b24a62e078583f35e1b8ddfcbaeea') in 0.008994 seconds
Number of updated asset objects reloaded before import = 0
Number of asset objects unloaded after import = 1
========================================================================
Received Import Request.
  Time since last request: 0.000043 seconds.
  path: Assets/Space Shooter Template FREE/Prefabs/VFX/Enemy Explosion_02.prefab
  artifactKey: Guid(69bc9de1566254e4db3ef4d734a7fbcd) Importer(2089858483,0ecaa5967403d082aa24f35e1b516d23)
Start importing Assets/Space Shooter Template FREE/Prefabs/VFX/Enemy Explosion_02.prefab using Guid(69bc9de1566254e4db3ef4d734a7fbcd) Importer(2089858483,0ecaa5967403d082aa24f35e1b516d23)  -> (artifact id: '9462056935c718a46e7538d6b3f947e9') in 0.028665 seconds
Number of updated asset objects reloaded before import = 0
Number of asset objects unloaded after import = 21
========================================================================
Received Import Request.
  Time since last request: 0.000013 seconds.
  path: Assets/Space Shooter Template FREE/Scripts/Boundary.cs
  artifactKey: Guid(e886423ec74338c47b067809786a94b5) Importer(2089858483,0ecaa5967403d082aa24f35e1b516d23)
Start importing Assets/Space Shooter Template FREE/Scripts/Boundary.cs using Guid(e886423ec74338c47b067809786a94b5) Importer(2089858483,0ecaa5967403d082aa24f35e1b516d23)  -> (artifact id: '4e176e86ea8b47079a69e0a8413d12b1') in 0.008560 seconds
Number of updated asset objects reloaded before import = 0
Number of asset objects unloaded after import = 1
========================================================================
Received Import Request.
  Time since last request: 0.000064 seconds.
  path: Assets/Space Shooter Template FREE/Prefabs/VFX/Left_Gun.prefab
  artifactKey: Guid(659b53f3e14c1c64686e0156b201ebc5) Importer(2089858483,0ecaa5967403d082aa24f35e1b516d23)
Start importing Assets/Space Shooter Template FREE/Prefabs/VFX/Left_Gun.prefab using Guid(659b53f3e14c1c64686e0156b201ebc5) Importer(2089858483,0ecaa5967403d082aa24f35e1b516d23)  -> (artifact id: 'f88e4485424b0d184a8b627362d97b4b') in 0.048088 seconds
Number of updated asset objects reloaded before import = 0
Number of asset objects unloaded after import = 6
========================================================================
Received Import Request.
  Time since last request: 0.000010 seconds.
  path: Assets/Space Shooter Template FREE/Animation/Power Up Ring.controller
  artifactKey: Guid(786042d22ff31da41b99a265c2f12ffd) Importer(2089858483,0ecaa5967403d082aa24f35e1b516d23)
Start importing Assets/Space Shooter Template FREE/Animation/Power Up Ring.controller using Guid(786042d22ff31da41b99a265c2f12ffd) Importer(2089858483,0ecaa5967403d082aa24f35e1b516d23)  -> (artifact id: 'ea2613c949ac91628905350ebd23ee3a') in 0.016405 seconds
Number of updated asset objects reloaded before import = 0
Number of asset objects unloaded after import = 4
========================================================================
Received Import Request.
  Time since last request: 0.000011 seconds.
  path: Assets/Space Shooter Template FREE/Prefabs/VFX/Speed Effect PC.prefab
  artifactKey: Guid(1a118c8be32c30f4d849d3e8166d88d4) Importer(2089858483,0ecaa5967403d082aa24f35e1b516d23)
Start importing Assets/Space Shooter Template FREE/Prefabs/VFX/Speed Effect PC.prefab using Guid(1a118c8be32c30f4d849d3e8166d88d4) Importer(2089858483,0ecaa5967403d082aa24f35e1b516d23)  -> (artifact id: 'fbb6277c2f5e4d43bb21ff519d087841') in 0.023056 seconds
Number of updated asset objects reloaded before import = 0
Number of asset objects unloaded after import = 6
========================================================================
Received Import Request.
  Time since last request: 0.000012 seconds.
  path: Assets/Space Shooter Template FREE/Prefabs/EnemyWaves/Wave_3.prefab
  artifactKey: Guid(667129e9a76b0bf4095966e1592dfe5b) Importer(2089858483,0ecaa5967403d082aa24f35e1b516d23)
Start importing Assets/Space Shooter Template FREE/Prefabs/EnemyWaves/Wave_3.prefab using Guid(667129e9a76b0bf4095966e1592dfe5b) Importer(2089858483,0ecaa5967403d082aa24f35e1b516d23)  -> (artifact id: '28d65ae8e97d1b238b13305f186fd3d6') in 0.015514 seconds
Number of updated asset objects reloaded before import = 0
Number of asset objects unloaded after import = 57
========================================================================
Received Import Request.
  Time since last request: 0.000013 seconds.
  path: Assets/Space Shooter Template FREE/Prefabs/Background/Backgrounds 1.prefab
  artifactKey: Guid(cac02e4a9ae0b2b4c9fd723a6ec00f47) Importer(2089858483,0ecaa5967403d082aa24f35e1b516d23)
Start importing Assets/Space Shooter Template FREE/Prefabs/Background/Backgrounds 1.prefab using Guid(cac02e4a9ae0b2b4c9fd723a6ec00f47) Importer(2089858483,0ecaa5967403d082aa24f35e1b516d23)  -> (artifact id: '21100c0de30a4cfac487ed480b86a879') in 0.028194 seconds
Number of updated asset objects reloaded before import = 0
Number of asset objects unloaded after import = 52
========================================================================
Received Import Request.
  Time since last request: 0.000031 seconds.
  path: Assets/TextMesh Pro/Examples & Extras/Fonts/Roboto-Bold.ttf
  artifactKey: Guid(4beb055f07aaff244873dec698d0363e) Importer(2089858483,0ecaa5967403d082aa24f35e1b516d23)
Start importing Assets/TextMesh Pro/Examples & Extras/Fonts/Roboto-Bold.ttf using Guid(4beb055f07aaff244873dec698d0363e) Importer(2089858483,0ecaa5967403d082aa24f35e1b516d23)  -> (artifact id: '9b363a3e167f72feea51a7faf4808ff5') in 0.011034 seconds
Number of updated asset objects reloaded before import = 0
Number of asset objects unloaded after import = 3
========================================================================
Received Import Request.
  Time since last request: 0.000012 seconds.
  path: Assets/Space Shooter Template FREE/Prefabs/Game_Controller.prefab
  artifactKey: Guid(01cf4a33fc66cde4abc060ccfeadeb5a) Importer(2089858483,0ecaa5967403d082aa24f35e1b516d23)
Start importing Assets/Space Shooter Template FREE/Prefabs/Game_Controller.prefab using Guid(01cf4a33fc66cde4abc060ccfeadeb5a) Importer(2089858483,0ecaa5967403d082aa24f35e1b516d23)  -> (artifact id: '32cc3e17e918ac69cd35bc6f6e453774') in 0.019189 seconds
Number of updated asset objects reloaded before import = 0
Number of asset objects unloaded after import = 168
========================================================================
Received Import Request.
  Time since last request: 0.000013 seconds.
  path: Assets/Space Shooter Template FREE/Prefabs/EnemyWaves/Wave_2.prefab
  artifactKey: Guid(15eadeed59ef1574896dd15b62c0ff3c) Importer(2089858483,0ecaa5967403d082aa24f35e1b516d23)
Start importing Assets/Space Shooter Template FREE/Prefabs/EnemyWaves/Wave_2.prefab using Guid(15eadeed59ef1574896dd15b62c0ff3c) Importer(2089858483,0ecaa5967403d082aa24f35e1b516d23)  -> (artifact id: 'd967f90ca1910b52fb380a64062f9ff5') in 0.012937 seconds
Number of updated asset objects reloaded before import = 0
Number of asset objects unloaded after import = 57
========================================================================
Received Import Request.
  Time since last request: 0.000011 seconds.
  path: Assets/TextMesh Pro/Examples & Extras/Scenes/10 - Bullets & Numbered List Example.unity
  artifactKey: Guid(c3f814e1d12c45568daf3dd9a86a0e61) Importer(2089858483,0ecaa5967403d082aa24f35e1b516d23)
Start importing Assets/TextMesh Pro/Examples & Extras/Scenes/10 - Bullets & Numbered List Example.unity using Guid(c3f814e1d12c45568daf3dd9a86a0e61) Importer(2089858483,0ecaa5967403d082aa24f35e1b516d23)  -> (artifact id: '5dae3683c9c713da624acde40e371687') in 0.008918 seconds
Number of updated asset objects reloaded before import = 0
Number of asset objects unloaded after import = 1
========================================================================
Received Import Request.
  Time since last request: 0.000029 seconds.
  path: Assets/Space Shooter Template FREE/Prefabs/VFX/Central_Gun.prefab
  artifactKey: Guid(380a1775a94df734ca504792dc0dee1e) Importer(2089858483,0ecaa5967403d082aa24f35e1b516d23)
Start importing Assets/Space Shooter Template FREE/Prefabs/VFX/Central_Gun.prefab using Guid(380a1775a94df734ca504792dc0dee1e) Importer(2089858483,0ecaa5967403d082aa24f35e1b516d23)  -> (artifact id: '6fbddafe48f9884e43b87034328f1eb4') in 0.024636 seconds
Number of updated asset objects reloaded before import = 0
Number of asset objects unloaded after import = 6
========================================================================
Received Import Request.
  Time since last request: 0.000014 seconds.
  path: Assets/TextMesh Pro/Examples & Extras/Scenes/01-  Single Line TextMesh Pro.unity
  artifactKey: Guid(2ac8cf212df6445e8aebbe3cb832e993) Importer(2089858483,0ecaa5967403d082aa24f35e1b516d23)
Start importing Assets/TextMesh Pro/Examples & Extras/Scenes/01-  Single Line TextMesh Pro.unity using Guid(2ac8cf212df6445e8aebbe3cb832e993) Importer(2089858483,0ecaa5967403d082aa24f35e1b516d23)  -> (artifact id: 'e904a4b83f05d7f1ad85c03e8af45c3c') in 0.009124 seconds
Number of updated asset objects reloaded before import = 0
Number of asset objects unloaded after import = 1
========================================================================
Received Import Request.
  Time since last request: 0.000017 seconds.
  path: Assets/Space Shooter Template FREE/Scripts/FollowThePath.cs
  artifactKey: Guid(cb55924fc8ef444409698fed6ae69676) Importer(2089858483,0ecaa5967403d082aa24f35e1b516d23)
Start importing Assets/Space Shooter Template FREE/Scripts/FollowThePath.cs using Guid(cb55924fc8ef444409698fed6ae69676) Importer(2089858483,0ecaa5967403d082aa24f35e1b516d23)  -> (artifact id: '578e019ce23627a0acfc2ebd08fa0117') in 0.007912 seconds
Number of updated asset objects reloaded before import = 0
Number of asset objects unloaded after import = 1
========================================================================
Received Import Request.
  Time since last request: 0.107615 seconds.
  path: Assets/TextMesh Pro/Examples & Extras/Scenes/16 - Linked text overflow mode example.unity
  artifactKey: Guid(9442cda25baa4a0bb544c4d095b00caa) Importer(2089858483,0ecaa5967403d082aa24f35e1b516d23)
Start importing Assets/TextMesh Pro/Examples & Extras/Scenes/16 - Linked text overflow mode example.unity using Guid(9442cda25baa4a0bb544c4d095b00caa) Importer(2089858483,0ecaa5967403d082aa24f35e1b516d23)  -> (artifact id: '7ff40408e2bcd16fef1cf7ded1c9e33c') in 0.009312 seconds
Number of updated asset objects reloaded before import = 0
Number of asset objects unloaded after import = 1
========================================================================
Received Import Request.
  Time since last request: 0.000011 seconds.
  path: Assets/Space Shooter Template FREE/Sprites/VFX/Explosions/Small Explosion_01_Smoke_02.png
  artifactKey: Guid(4597cc4489ac8ac4dbcca786dd7babd3) Importer(2089858483,0ecaa5967403d082aa24f35e1b516d23)
Start importing Assets/Space Shooter Template FREE/Sprites/VFX/Explosions/Small Explosion_01_Smoke_02.png using Guid(4597cc4489ac8ac4dbcca786dd7babd3) Importer(2089858483,0ecaa5967403d082aa24f35e1b516d23)  -> (artifact id: '8265209e7bb1f71200bd7b848a44c8af') in 0.016033 seconds
Number of updated asset objects reloaded before import = 0
Number of asset objects unloaded after import = 3
========================================================================
Received Import Request.
  Time since last request: 0.000011 seconds.
  path: Assets/TextMesh Pro/Examples & Extras/Scripts/TMP_DigitValidator.cs
  artifactKey: Guid(1a7eb92a01ed499a987bde9def05fbce) Importer(2089858483,0ecaa5967403d082aa24f35e1b516d23)
Start importing Assets/TextMesh Pro/Examples & Extras/Scripts/TMP_DigitValidator.cs using Guid(1a7eb92a01ed499a987bde9def05fbce) Importer(2089858483,0ecaa5967403d082aa24f35e1b516d23)  -> (artifact id: '9037e5f9e0e36716ac4a4da9167bd16a') in 0.009745 seconds
Number of updated asset objects reloaded before import = 0
Number of asset objects unloaded after import = 1
========================================================================
Received Import Request.
  Time since last request: 0.000020 seconds.
  path: Assets/TextMesh Pro/Examples & Extras/Scripts/DropdownSample.cs
  artifactKey: Guid(ac1eb05af6d391b4eb0f4c070a99f1d0) Importer(2089858483,0ecaa5967403d082aa24f35e1b516d23)
Start importing Assets/TextMesh Pro/Examples & Extras/Scripts/DropdownSample.cs using Guid(ac1eb05af6d391b4eb0f4c070a99f1d0) Importer(2089858483,0ecaa5967403d082aa24f35e1b516d23)  -> (artifact id: '53464b0a629e93de01348c99168ac1ca') in 0.009974 seconds
Number of updated asset objects reloaded before import = 0
Number of asset objects unloaded after import = 1
========================================================================
Received Import Request.
  Time since last request: 0.000011 seconds.
  path: Assets/TextMesh Pro/Examples & Extras/Scripts/Benchmark04.cs
  artifactKey: Guid(dc20866c0d5e413ab7559440e15333ae) Importer(2089858483,0ecaa5967403d082aa24f35e1b516d23)
Start importing Assets/TextMesh Pro/Examples & Extras/Scripts/Benchmark04.cs using Guid(dc20866c0d5e413ab7559440e15333ae) Importer(2089858483,0ecaa5967403d082aa24f35e1b516d23)  -> (artifact id: '1afd2b4a02ce421d7433d8f2dc90c374') in 0.009035 seconds
Number of updated asset objects reloaded before import = 0
Number of asset objects unloaded after import = 1
========================================================================
Received Import Request.
  Time since last request: 0.000135 seconds.
  path: Assets/TextMesh Pro/Examples & Extras/Textures/Wipe Pattern - Diagonal.psd
  artifactKey: Guid(ed5290d8df18488780e2996b9b882f01) Importer(2089858483,0ecaa5967403d082aa24f35e1b516d23)
Start importing Assets/TextMesh Pro/Examples & Extras/Textures/Wipe Pattern - Diagonal.psd using Guid(ed5290d8df18488780e2996b9b882f01) Importer(2089858483,0ecaa5967403d082aa24f35e1b516d23)  -> (artifact id: 'f3c0c05d00fdb9e0d650ebc955534c49') in 0.020148 seconds
Number of updated asset objects reloaded before import = 0
Number of asset objects unloaded after import = 1
========================================================================
Received Import Request.
  Time since last request: 0.000011 seconds.
  path: Assets/TextMesh Pro/Examples & Extras/Textures/Floor Tiles 1 - diffuse.jpg
  artifactKey: Guid(85ac55597b97403c82fc6601a93cf241) Importer(2089858483,0ecaa5967403d082aa24f35e1b516d23)
Start importing Assets/TextMesh Pro/Examples & Extras/Textures/Floor Tiles 1 - diffuse.jpg using Guid(85ac55597b97403c82fc6601a93cf241) Importer(2089858483,0ecaa5967403d082aa24f35e1b516d23)  -> (artifact id: '5a79e81d6a527ec40e7a51b2519251a8') in 0.014853 seconds
Number of updated asset objects reloaded before import = 0
Number of asset objects unloaded after import = 1
========================================================================
Received Import Request.
  Time since last request: 0.000012 seconds.
  path: Assets/Space Shooter Template FREE/Sprites/VFX/Enemy Hit Effect/Enemy Hit Effect_02.png
  artifactKey: Guid(41a056b1e3cb7794dbcc44338c61bbd8) Importer(2089858483,0ecaa5967403d082aa24f35e1b516d23)
Start importing Assets/Space Shooter Template FREE/Sprites/VFX/Enemy Hit Effect/Enemy Hit Effect_02.png using Guid(41a056b1e3cb7794dbcc44338c61bbd8) Importer(2089858483,0ecaa5967403d082aa24f35e1b516d23)  -> (artifact id: '40712822a2aea2cf5c93221cd255c9ce') in 0.020808 seconds
Number of updated asset objects reloaded before import = 0
Number of asset objects unloaded after import = 3
========================================================================
Received Import Request.
  Time since last request: 0.000017 seconds.
  path: Assets/Space Shooter Template FREE/Sprites/VFX/Engines/Engine_01_Basic.mat
  artifactKey: Guid(1f665717674355d489e01624ad09c1cf) Importer(2089858483,0ecaa5967403d082aa24f35e1b516d23)
Start importing Assets/Space Shooter Template FREE/Sprites/VFX/Engines/Engine_01_Basic.mat using Guid(1f665717674355d489e01624ad09c1cf) Importer(2089858483,0ecaa5967403d082aa24f35e1b516d23)  -> (artifact id: '845c64fcf8b755851454393a5dc0d130') in 0.018966 seconds
Number of updated asset objects reloaded before import = 0
Number of asset objects unloaded after import = 2
========================================================================
Received Import Request.
  Time since last request: 0.000012 seconds.
  path: Assets/TextMesh Pro/Examples & Extras/Scenes/23 - Animating Vertex Attributes.unity
  artifactKey: Guid(54e994244b4b467e8583cf2da6dcc716) Importer(2089858483,0ecaa5967403d082aa24f35e1b516d23)
Start importing Assets/TextMesh Pro/Examples & Extras/Scenes/23 - Animating Vertex Attributes.unity using Guid(54e994244b4b467e8583cf2da6dcc716) Importer(2089858483,0ecaa5967403d082aa24f35e1b516d23)  -> (artifact id: '091e2f7a595a5fa6fd6dc92c3e66b8f8') in 0.009038 seconds
Number of updated asset objects reloaded before import = 0
Number of asset objects unloaded after import = 1
========================================================================
Received Import Request.
  Time since last request: 0.000011 seconds.
  path: Assets/TextMesh Pro/Examples & Extras/Scenes/24 - Surface Shader Example.unity
  artifactKey: Guid(8c4969fd8ba94a68b07cf11f3e7a5137) Importer(2089858483,0ecaa5967403d082aa24f35e1b516d23)
Start importing Assets/TextMesh Pro/Examples & Extras/Scenes/24 - Surface Shader Example.unity using Guid(8c4969fd8ba94a68b07cf11f3e7a5137) Importer(2089858483,0ecaa5967403d082aa24f35e1b516d23)  -> (artifact id: '6784b09a594da2c8abeee66b188e0bfa') in 0.010348 seconds
Number of updated asset objects reloaded before import = 0
Number of asset objects unloaded after import = 1
========================================================================
Received Import Request.
  Time since last request: 0.000029 seconds.
  path: Assets/TextMesh Pro/Examples & Extras/Textures/Floor Cement.jpg
  artifactKey: Guid(283f897e4925411ebbaa758b4cb13fc2) Importer(2089858483,0ecaa5967403d082aa24f35e1b516d23)
Start importing Assets/TextMesh Pro/Examples & Extras/Textures/Floor Cement.jpg using Guid(283f897e4925411ebbaa758b4cb13fc2) Importer(2089858483,0ecaa5967403d082aa24f35e1b516d23)  -> (artifact id: '7a3597ce19049d7a99950a55b23f5e70') in 0.014156 seconds
Number of updated asset objects reloaded before import = 0
Number of asset objects unloaded after import = 1
========================================================================
Received Import Request.
  Time since last request: 0.000012 seconds.
  path: Assets/TextMesh Pro/Examples & Extras/Scripts/TMP_FrameRateCounter.cs
  artifactKey: Guid(686ec78b56aa445795335fbadafcfaa4) Importer(2089858483,0ecaa5967403d082aa24f35e1b516d23)
Start importing Assets/TextMesh Pro/Examples & Extras/Scripts/TMP_FrameRateCounter.cs using Guid(686ec78b56aa445795335fbadafcfaa4) Importer(2089858483,0ecaa5967403d082aa24f35e1b516d23)  -> (artifact id: '1e278391ad352cb4ffeff666fe6d0399') in 0.008301 seconds
Number of updated asset objects reloaded before import = 0
Number of asset objects unloaded after import = 1
========================================================================
Received Import Request.
  Time since last request: 0.000009 seconds.
  path: Assets/TextMesh Pro/Resources/Fonts & Materials/LiberationSans SDF.asset
  artifactKey: Guid(8f586378b4e144a9851e7b34d9b748ee) Importer(2089858483,0ecaa5967403d082aa24f35e1b516d23)
Start importing Assets/TextMesh Pro/Resources/Fonts & Materials/LiberationSans SDF.asset using Guid(8f586378b4e144a9851e7b34d9b748ee) Importer(2089858483,0ecaa5967403d082aa24f35e1b516d23)  -> (artifact id: '7fa47e68ca71a76d4ec9edb7597ba34f') in 0.036977 seconds
Number of updated asset objects reloaded before import = 0
Number of asset objects unloaded after import = 8
========================================================================
Received Import Request.
  Time since last request: 0.000012 seconds.
  path: Assets/TextMesh Pro/Examples & Extras/Textures/Sunny Days - Seamless.jpg
  artifactKey: Guid(17c350171f7a3ca479f830547c66d187) Importer(2089858483,0ecaa5967403d082aa24f35e1b516d23)
Start importing Assets/TextMesh Pro/Examples & Extras/Textures/Sunny Days - Seamless.jpg using Guid(17c350171f7a3ca479f830547c66d187) Importer(2089858483,0ecaa5967403d082aa24f35e1b516d23)  -> (artifact id: 'e4c0e95008be3e439cfbed734b0df9e9') in 0.013817 seconds
Number of updated asset objects reloaded before import = 0
Number of asset objects unloaded after import = 1
========================================================================
Received Import Request.
  Time since last request: 0.000015 seconds.
  path: Assets/Space Shooter Template FREE/Sprites/VFX/Explosions/Small Explosion_01_Parts_PC.mat
  artifactKey: Guid(0c9ae2a77654129478a5823b4b26bb4e) Importer(2089858483,0ecaa5967403d082aa24f35e1b516d23)
Start importing Assets/Space Shooter Template FREE/Sprites/VFX/Explosions/Small Explosion_01_Parts_PC.mat using Guid(0c9ae2a77654129478a5823b4b26bb4e) Importer(2089858483,0ecaa5967403d082aa24f35e1b516d23)  -> (artifact id: '6611b9f2f2e4d5e39e4cf443f7b03312') in 0.023873 seconds
Number of updated asset objects reloaded before import = 0
Number of asset objects unloaded after import = 2
========================================================================
Received Import Request.
  Time since last request: 0.000011 seconds.
  path: Assets/TextMesh Pro/Examples & Extras/Scenes/26 - Dropdown Placeholder Example.unity
  artifactKey: Guid(0851605490a599b46b6ac5cb681d93ea) Importer(2089858483,0ecaa5967403d082aa24f35e1b516d23)
Start importing Assets/TextMesh Pro/Examples & Extras/Scenes/26 - Dropdown Placeholder Example.unity using Guid(0851605490a599b46b6ac5cb681d93ea) Importer(2089858483,0ecaa5967403d082aa24f35e1b516d23)  -> (artifact id: '9d23b205251ade21ec959685fb20d385') in 0.008122 seconds
Number of updated asset objects reloaded before import = 0
Number of asset objects unloaded after import = 1
========================================================================
Received Import Request.
  Time since last request: 0.000054 seconds.
  path: Assets/Space Shooter Template FREE/Sprites/VFX/Explosions/Rocket_Explosion_PC.mat
  artifactKey: Guid(c5f32ff56f29725449fe5d45a157ff79) Importer(2089858483,0ecaa5967403d082aa24f35e1b516d23)
Start importing Assets/Space Shooter Template FREE/Sprites/VFX/Explosions/Rocket_Explosion_PC.mat using Guid(c5f32ff56f29725449fe5d45a157ff79) Importer(2089858483,0ecaa5967403d082aa24f35e1b516d23)  -> (artifact id: '64c93b5027207051fc2a3633f798204d') in 0.018544 seconds
Number of updated asset objects reloaded before import = 0
Number of asset objects unloaded after import = 2
========================================================================
Received Import Request.
  Time since last request: 0.221603 seconds.
  path: Assets/TextMesh Pro/Examples & Extras/Resources/Fonts & Materials/Anton SDF - Outline.mat
  artifactKey: Guid(a00013af81304728b2be1f4309ee2433) Importer(2089858483,0ecaa5967403d082aa24f35e1b516d23)
Start importing Assets/TextMesh Pro/Examples & Extras/Resources/Fonts & Materials/Anton SDF - Outline.mat using Guid(a00013af81304728b2be1f4309ee2433) Importer(2089858483,0ecaa5967403d082aa24f35e1b516d23)  -> (artifact id: '5c4c9ea447b385d8bf8fd1a1b2f1565c') in 0.015338 seconds
Number of updated asset objects reloaded before import = 0
Number of asset objects unloaded after import = 2
========================================================================
Received Import Request.
  Time since last request: 0.000012 seconds.
  path: Assets/TextMesh Pro/Examples & Extras/Resources/Fonts & Materials/Bangers SDF - Outline.mat
  artifactKey: Guid(f629c6e43dba4bf38cb74d8860150664) Importer(2089858483,0ecaa5967403d082aa24f35e1b516d23)
Start importing Assets/TextMesh Pro/Examples & Extras/Resources/Fonts & Materials/Bangers SDF - Outline.mat using Guid(f629c6e43dba4bf38cb74d8860150664) Importer(2089858483,0ecaa5967403d082aa24f35e1b516d23)  -> (artifact id: '48c9a962c7cdcd6d549776e4abf134ae') in 0.012262 seconds
Number of updated asset objects reloaded before import = 0
Number of asset objects unloaded after import = 2
========================================================================
Received Import Request.
  Time since last request: 0.000012 seconds.
  path: Assets/TextMesh Pro/Examples & Extras/Resources/Fonts & Materials/Bangers SDF.asset
  artifactKey: Guid(125cb55b44b24c4393181402bc6200e6) Importer(2089858483,0ecaa5967403d082aa24f35e1b516d23)
Start importing Assets/TextMesh Pro/Examples & Extras/Resources/Fonts & Materials/Bangers SDF.asset using Guid(125cb55b44b24c4393181402bc6200e6) Importer(2089858483,0ecaa5967403d082aa24f35e1b516d23)  -> (artifact id: 'a552dc4f869806ec6fe0f227f85d69f5') in 0.014866 seconds
Number of updated asset objects reloaded before import = 0
Number of asset objects unloaded after import = 5
========================================================================
Received Import Request.
  Time since last request: 0.000018 seconds.
  path: Assets/TextMesh Pro/Examples & Extras/Resources/Fonts & Materials/Bangers SDF Glow.mat
  artifactKey: Guid(d75b8f41e959450c84ac6e967084d3e1) Importer(2089858483,0ecaa5967403d082aa24f35e1b516d23)
Start importing Assets/TextMesh Pro/Examples & Extras/Resources/Fonts & Materials/Bangers SDF Glow.mat using Guid(d75b8f41e959450c84ac6e967084d3e1) Importer(2089858483,0ecaa5967403d082aa24f35e1b516d23)  -> (artifact id: 'a75cb5d497f82ce9a92503818d77a05f') in 0.013290 seconds
Number of updated asset objects reloaded before import = 0
Number of asset objects unloaded after import = 3
Editor requested this worker to shutdown with reason: Scaling down because of idle timeout
TcpMessagingSession - receive error: operation aborted. errorcode: 995, details: ˝ş·ąµĺ Áľ·á ¶Ç´Â ŔŔżë ÇÁ·Î±×·Ą żäĂ» ¶§ą®żˇ I/O ŔŰľ÷ŔĚ ĂëĽŇµÇľú˝Ŕ´Ď´Ů.
AssetImportWorker is now disconnected from the server
Process exiting
Exiting without the bug reporter. Application will terminate with return code 0